# Logfile created on Fri May 15 17:39:49 -0400 2009  [4;36;1mSQL (0.1ms)[0m   [0;1mSET SQL_AUTO_IS_NULL=0[0m
  [4;35;1mSQL (0.3ms)[0m   [0mSHOW TABLES[0m
  [4;36;1mSQL (0.2ms)[0m   [0;1mSELECT version FROM schema_migrations[0m


Processing QuestionsController#index (for 66.0.194.240 at 2009-05-15 17:39:55) [GET]
  [4;35;1mSQL (0.1ms)[0m   [0mSET SQL_AUTO_IS_NULL=0[0m
  [4;36;1mQuestion Load (0.4ms)[0m   [0;1mSELECT * FROM `questions` WHERE (user_id is not null) ORDER BY created_at DESC LIMIT 10[0m
Rendering template within layouts/default
Rendering questions/index
Cached fragment hit: views/twitchoice.com:3000/questions?part=timeline (0.0ms)
Cached fragment miss: views/twitchoice.com:3000/questions?part=timeline (0.0ms)
Rendered shared/_authenticate (0.4ms)
Cached fragment hit: views/twitchoice.com:3000/questions?part=latest_tweet (0.0ms)
Cached fragment miss: views/twitchoice.com:3000/questions?part=latest_tweet (0.0ms)
Rendered shared/_latest_twitchoice_tweet (0.9ms)
Rendered shared/_bottom_menu (0.4ms)
Completed in 28ms (View: 19, DB: 0) | 200 OK [http://twitchoice.com/]
  [4;36;1mSQL (0.1ms)[0m   [0;1mSET SQL_AUTO_IS_NULL=0[0m
  [4;35;1mSQL (0.2ms)[0m   [0mSHOW TABLES[0m
  [4;36;1mSQL (0.2ms)[0m   [0;1mSELECT version FROM schema_migrations[0m


Processing QuestionsController#index (for 66.0.194.240 at 2009-05-15 17:43:56) [GET]
  [4;35;1mSQL (0.1ms)[0m   [0mSET SQL_AUTO_IS_NULL=0[0m
  [4;36;1mQuestion Load (0.3ms)[0m   [0;1mSELECT * FROM `questions` WHERE (user_id is not null) ORDER BY created_at DESC LIMIT 10[0m
Rendering template within layouts/default
Rendering questions/index
Cached fragment hit: views/twitchoice.com:3000/questions?part=timeline (0.0ms)
Cached fragment miss: views/twitchoice.com:3000/questions?part=timeline (0.0ms)
Rendered shared/_authenticate (0.4ms)
Cached fragment hit: views/twitchoice.com:3000/questions?part=latest_tweet (0.0ms)
Cached fragment miss: views/twitchoice.com:3000/questions?part=latest_tweet (0.0ms)
Rendered shared/_latest_twitchoice_tweet (0.9ms)
Rendered shared/_bottom_menu (0.5ms)
Completed in 28ms (View: 19, DB: 0) | 200 OK [http://twitchoice.com/]


Processing QuestionsController#index (for 66.0.194.240 at 2009-05-15 17:43:58) [GET]
  [4;35;1mSQL (0.1ms)[0m   [0mSET SQL_AUTO_IS_NULL=0[0m
  [4;36;1mQuestion Load (0.3ms)[0m   [0;1mSELECT * FROM `questions` WHERE (user_id is not null) ORDER BY created_at DESC LIMIT 10[0m
Rendering template within layouts/default
Rendering questions/index
Cached fragment hit: views/twitchoice.com:3000/questions?part=timeline (0.0ms)
Rendered shared/_authenticate (0.4ms)
Cached fragment hit: views/twitchoice.com:3000/questions?part=latest_tweet (0.0ms)
Rendered shared/_latest_twitchoice_tweet (0.6ms)
Rendered shared/_bottom_menu (0.4ms)
Completed in 27ms (View: 17, DB: 0) | 200 OK [http://twitchoice.com/]


Processing QuestionsController#new (for 66.0.194.240 at 2009-05-15 17:44:01) [GET]
  [4;35;1mSQL (0.1ms)[0m   [0mSET SQL_AUTO_IS_NULL=0[0m
Redirected to http://twitchoice.com:3000/
Filter chain halted as [:authenticate] rendered_or_redirected.
Completed in 0ms (DB: 0) | 302 Found [http://twitchoice.com/questions/new]


Processing QuestionsController#index (for 66.0.194.240 at 2009-05-15 17:44:01) [GET]
  [4;36;1mSQL (0.1ms)[0m   [0;1mSET SQL_AUTO_IS_NULL=0[0m
  [4;35;1mQuestion Load (0.4ms)[0m   [0mSELECT * FROM `questions` WHERE (user_id is not null) ORDER BY created_at DESC LIMIT 10[0m
Rendering template within layouts/default
Rendering questions/index
Cached fragment hit: views/twitchoice.com:3000/questions?part=timeline (0.0ms)
Rendered shared/_authenticate (0.5ms)
Cached fragment hit: views/twitchoice.com:3000/questions?part=latest_tweet (0.0ms)
Rendered shared/_latest_twitchoice_tweet (0.7ms)
Rendered shared/_bottom_menu (0.4ms)
Completed in 29ms (View: 19, DB: 0) | 200 OK [http://twitchoice.com/]
